This is pdfTeX, Version 3.141592653-2.6-1.40.26 (TeX Live 2024) (preloaded format=pdflatex 2024.7.26)  26 JUL 2024 19:33
entering extended mode
 restricted \write18 enabled.
 %&-line parsing enabled.
**Knitr_informe.tex
(./Knitr_informe.tex
LaTeX2e <2024-06-01> patch level 2
L3 programming layer <2024-05-27>
(c:/Users/info/AppData/Roaming/TinyTeX/texmf-dist/tex/latex/base/article.cls
Document Class: article 2024/02/08 v1.4n Standard LaTeX document class
(c:/Users/info/AppData/Roaming/TinyTeX/texmf-dist/tex/latex/base/size10.clo
File: size10.clo 2024/02/08 v1.4n Standard LaTeX file (size option)
)
\c@part=\count194
\c@section=\count195
\c@subsection=\count196
\c@subsubsection=\count197
\c@paragraph=\count198
\c@subparagraph=\count199
\c@figure=\count266
\c@table=\count267
\abovecaptionskip=\skip49
\belowcaptionskip=\skip50
\bibindent=\dimen141
) (c:/Users/info/AppData/Roaming/TinyTeX/texmf-dist/tex/latex/tools/multicol.sty
Package: multicol 2024/05/23 v1.9h multicolumn formatting (FMi)
\c@tracingmulticols=\count268
\mult@box=\box52
\multicol@leftmargin=\dimen142
\c@unbalance=\count269
\c@collectmore=\count270
\doublecol@number=\count271
\multicoltolerance=\count272
\multicolpretolerance=\count273
\full@width=\dimen143
\page@free=\dimen144
\premulticols=\dimen145
\postmulticols=\dimen146
\multicolsep=\skip51
\multicolbaselineskip=\skip52
\partial@page=\box53
\last@line=\box54
\mc@boxedresult=\box55
\maxbalancingoverflow=\dimen147
\mult@rightbox=\box56
\mult@grightbox=\box57
\mult@firstbox=\box58
\mult@gfirstbox=\box59
\@tempa=\box60
\@tempa=\box61
\@tempa=\box62
\@tempa=\box63
\@tempa=\box64
\@tempa=\box65
\@tempa=\box66
\@tempa=\box67
\@tempa=\box68
\@tempa=\box69
\@tempa=\box70
\@tempa=\box71
\@tempa=\box72
\@tempa=\box73
\@tempa=\box74
\@tempa=\box75
\@tempa=\box76
\@tempa=\box77
\@tempa=\box78
\@tempa=\box79
\@tempa=\box80
\@tempa=\box81
\@tempa=\box82
\@tempa=\box83
\@tempa=\box84
\@tempa=\box85
\@tempa=\box86
\@tempa=\box87
\@tempa=\box88
\@tempa=\box89
\@tempa=\box90
\@tempa=\box91
\@tempa=\box92
\@tempa=\box93
\@tempa=\box94
\@tempa=\box95
\c@minrows=\count274
\c@columnbadness=\count275
\c@finalcolumnbadness=\count276
\last@try=\dimen148
\multicolovershoot=\dimen149
\multicolundershoot=\dimen150
\mult@nat@firstbox=\box96
\colbreak@box=\box97
\mc@col@check@num=\count277
) (c:/Users/info/AppData/Roaming/TinyTeX/texmf-dist/tex/latex/geometry/geometry.sty
Package: geometry 2020/01/02 v5.9 Page Geometry
 (c:/Users/info/AppData/Roaming/TinyTeX/texmf-dist/tex/latex/graphics/keyval.sty
Package: keyval 2022/05/29 v1.15 key=value parser (DPC)
\KV@toks@=\toks17
) (c:/Users/info/AppData/Roaming/TinyTeX/texmf-dist/tex/generic/iftex/ifvtex.sty
Package: ifvtex 2019/10/25 v1.7 ifvtex legacy package. Use iftex instead.
 (c:/Users/info/AppData/Roaming/TinyTeX/texmf-dist/tex/generic/iftex/iftex.sty
Package: iftex 2022/02/03 v1.0f TeX engine tests
))
\Gm@cnth=\count278
\Gm@cntv=\count279
\c@Gm@tempcnt=\count280
\Gm@bindingoffset=\dimen151
\Gm@wd@mp=\dimen152
\Gm@odd@mp=\dimen153
\Gm@even@mp=\dimen154
\Gm@layoutwidth=\dimen155
\Gm@layoutheight=\dimen156
\Gm@layouthoffset=\dimen157
\Gm@layoutvoffset=\dimen158
\Gm@dimlist=\toks18
) (c:/Users/info/AppData/Roaming/TinyTeX/texmf-dist/tex/latex/blindtext/blindtext.sty
Package: blindtext 2012/01/06 V2.0 blindtext-Package
 (c:/Users/info/AppData/Roaming/TinyTeX/texmf-dist/tex/latex/tools/xspace.sty
Package: xspace 2014/10/28 v1.13 Space after command names (DPC,MH)
)
\c@blindtext=\count281
\c@Blindtext=\count282
\c@blind@countparstart=\count283
\blind@countxx=\count284
\blindtext@numBlindtext=\count285
\blind@countyy=\count286
\c@blindlist=\count287
\c@blindlistlevel=\count288
\c@blindlist@level=\count289
\blind@listitem=\count290
\c@blind@listcount=\count291
\c@blind@levelcount=\count292
\blind@mathformula=\count293
\blind@Mathformula=\count294
\c@blind@randomcount=\count295
\c@blind@randommax=\count296
\c@blind@pangramcount=\count297
\c@blind@pangrammax=\count298
) (c:/Users/info/AppData/Roaming/TinyTeX/texmf-dist/tex/latex/base/fontenc.sty
Package: fontenc 2021/04/29 v2.0v Standard LaTeX package
) (c:/Users/info/AppData/Roaming/TinyTeX/texmf-dist/tex/latex/graphics/graphicx.sty
Package: graphicx 2021/09/16 v1.2d Enhanced LaTeX Graphics (DPC,SPQR)
 (c:/Users/info/AppData/Roaming/TinyTeX/texmf-dist/tex/latex/graphics/graphics.sty
Package: graphics 2024/05/23 v1.4g Standard LaTeX Graphics (DPC,SPQR)
 (c:/Users/info/AppData/Roaming/TinyTeX/texmf-dist/tex/latex/graphics/trig.sty
Package: trig 2023/12/02 v1.11 sin cos tan (DPC)
) (c:/Users/info/AppData/Roaming/TinyTeX/texmf-dist/tex/latex/graphics-cfg/graphics.cfg
File: graphics.cfg 2016/06/04 v1.11 sample graphics configuration
)
Package graphics Info: Driver file: pdftex.def on input line 106.
 (c:/Users/info/AppData/Roaming/TinyTeX/texmf-dist/tex/latex/graphics-def/pdftex.def
File: pdftex.def 2024/04/13 v1.2c Graphics/color driver for pdftex
))
\Gin@req@height=\dimen159
\Gin@req@width=\dimen160
) (c:/Users/info/AppData/Roaming/TinyTeX/texmf-dist/tex/latex/pdfpages/pdfpages.sty
Package: pdfpages 2024/05/29 v0.6a Insert pages of external PDF documents (AM)
 (c:/Users/info/AppData/Roaming/TinyTeX/texmf-dist/tex/latex/base/ifthen.sty
Package: ifthen 2024/03/16 v1.1e Standard LaTeX ifthen package (DPC)
) (c:/Users/info/AppData/Roaming/TinyTeX/texmf-dist/tex/latex/tools/calc.sty
Package: calc 2023/07/08 v4.3 Infix arithmetic (KKT,FJ)
\calc@Acount=\count299
\calc@Bcount=\count300
\calc@Adimen=\dimen161
\calc@Bdimen=\dimen162
\calc@Askip=\skip53
\calc@Bskip=\skip54
LaTeX Info: Redefining \setlength on input line 80.
LaTeX Info: Redefining \addtolength on input line 81.
\calc@Ccount=\count301
\calc@Cskip=\skip55
) (c:/Users/info/AppData/Roaming/TinyTeX/texmf-dist/tex/latex/eso-pic/eso-pic.sty
Package: eso-pic 2023/05/03 v3.0c eso-pic (RN)
\ESO@tempdima=\dimen163
\ESO@tempdimb=\dimen164
 (c:/Users/info/AppData/Roaming/TinyTeX/texmf-dist/tex/latex/xcolor/xcolor.sty
Package: xcolor 2023/11/15 v3.01 LaTeX color extensions (UK)
 (c:/Users/info/AppData/Roaming/TinyTeX/texmf-dist/tex/latex/graphics-cfg/color.cfg
File: color.cfg 2016/01/02 v1.6 sample color configuration
)
Package xcolor Info: Driver file: pdftex.def on input line 274.
 (c:/Users/info/AppData/Roaming/TinyTeX/texmf-dist/tex/latex/graphics/mathcolor.ltx)
Package xcolor Info: Model `cmy' substituted by `cmy0' on input line 1350.
Package xcolor Info: Model `hsb' substituted by `rgb' on input line 1354.
Package xcolor Info: Model `RGB' extended on input line 1366.
Package xcolor Info: Model `HTML' substituted by `rgb' on input line 1368.
Package xcolor Info: Model `Hsb' substituted by `hsb' on input line 1369.
Package xcolor Info: Model `tHsb' substituted by `hsb' on input line 1370.
Package xcolor Info: Model `HSB' substituted by `hsb' on input line 1371.
Package xcolor Info: Model `Gray' substituted by `gray' on input line 1372.
Package xcolor Info: Model `wave' substituted by `hsb' on input line 1373.
))
\AM@pagewidth=\dimen165
\AM@pageheight=\dimen166
\AM@fboxrule=\dimen167
 (c:/Users/info/AppData/Roaming/TinyTeX/texmf-dist/tex/latex/pdfpages/pppdftex.def
File: pppdftex.def 2024/05/29 v0.6a Pdfpages driver for pdfTeX (AM)
)
\pdfpages@includegraphics@status=\count302
\AM@pagebox=\box98
\AM@global@opts=\toks19
\AM@pagecnt=\count303
\AM@toc@title=\toks20
\AM@lof@heading=\toks21
\c@AM@survey=\count304
\AM@templatesizebox=\box99
) (c:/Program Files/R/R-4.3.2/share/texmf/tex/latex/Sweave.sty
Package: Sweave 
 (c:/Users/info/AppData/Roaming/TinyTeX/texmf-dist/tex/latex/fancyvrb/fancyvrb.sty
Package: fancyvrb 2024/01/20 4.5c verbatim text (tvz,hv)
\FV@CodeLineNo=\count305
\FV@InFile=\read2
\FV@TabBox=\box100
\c@FancyVerbLine=\count306
\FV@StepNumber=\count307
\FV@OutFile=\write3
) (c:/Users/info/AppData/Roaming/TinyTeX/texmf-dist/tex/latex/base/textcomp.sty
Package: textcomp 2024/04/24 v2.1b Standard LaTeX package
) (c:/Users/info/AppData/Roaming/TinyTeX/texmf-dist/tex/latex/base/fontenc.sty
Package: fontenc 2021/04/29 v2.0v Standard LaTeX package
)) (c:/Users/info/AppData/Roaming/TinyTeX/texmf-dist/tex/latex/l3backend/l3backend-pdftex.def
File: l3backend-pdftex.def 2024-05-08 L3 backend support: PDF output (pdfTeX)
\l__color_backend_stack_int=\count308
\l__pdf_internal_box=\box101
) (./Knitr_informe.aux)
\openout1 = `Knitr_informe.aux'.

LaTeX Font Info:    Checking defaults for OML/cmm/m/it on input line 25.
LaTeX Font Info:    ... okay on input line 25.
LaTeX Font Info:    Checking defaults for OMS/cmsy/m/n on input line 25.
LaTeX Font Info:    ... okay on input line 25.
LaTeX Font Info:    Checking defaults for OT1/cmr/m/n on input line 25.
LaTeX Font Info:    ... okay on input line 25.
LaTeX Font Info:    Checking defaults for T1/cmr/m/n on input line 25.
LaTeX Font Info:    ... okay on input line 25.
LaTeX Font Info:    Checking defaults for TS1/cmr/m/n on input line 25.
LaTeX Font Info:    ... okay on input line 25.
LaTeX Font Info:    Checking defaults for OMX/cmex/m/n on input line 25.
LaTeX Font Info:    ... okay on input line 25.
LaTeX Font Info:    Checking defaults for U/cmr/m/n on input line 25.
LaTeX Font Info:    ... okay on input line 25.

*geometry* driver: auto-detecting
*geometry* detected driver: pdftex
*geometry* verbose mode - [ preamble ] result:
* driver: pdftex
* paper: a4paper
* layout: <same size as paper>
* layoutoffset:(h,v)=(0.0pt,0.0pt)
* modes: 
* h-part:(L,W,R)=(56.9055pt, 483.69687pt, 56.9055pt)
* v-part:(T,H,B)=(56.9055pt, 731.23584pt, 56.9055pt)
* \paperwidth=597.50787pt
* \paperheight=845.04684pt
* \textwidth=483.69687pt
* \textheight=731.23584pt
* \oddsidemargin=-15.36449pt
* \evensidemargin=-15.36449pt
* \topmargin=-52.36449pt
* \headheight=12.0pt
* \headsep=25.0pt
* \topskip=10.0pt
* \footskip=30.0pt
* \marginparwidth=65.0pt
* \marginparsep=11.0pt
* \columnsep=10.0pt
* \skip\footins=9.0pt plus 4.0pt minus 2.0pt
* \hoffset=0.0pt
* \voffset=0.0pt
* \mag=1000
* \@twocolumnfalse
* \@twosidefalse
* \@mparswitchfalse
* \@reversemarginfalse
* (1in=72.27pt=25.4mm, 1cm=28.453pt)

(c:/Users/info/AppData/Roaming/TinyTeX/texmf-dist/tex/latex/epstopdf-pkg/epstopdf-base.sty
Package: epstopdf-base 2020-01-24 v2.11 Base part for package epstopdf
 (c:/Users/info/AppData/Roaming/TinyTeX/texmf-dist/tex/generic/infwarerr/infwarerr.sty
Package: infwarerr 2019/12/03 v1.5 Providing info/warning/error messages (HO)
) (c:/Users/info/AppData/Roaming/TinyTeX/texmf-dist/tex/latex/grfext/grfext.sty
Package: grfext 2019/12/03 v1.3 Manage graphics extensions (HO)
 (c:/Users/info/AppData/Roaming/TinyTeX/texmf-dist/tex/generic/kvdefinekeys/kvdefinekeys.sty
Package: kvdefinekeys 2019-12-19 v1.6 Define keys (HO)
)) (c:/Users/info/AppData/Roaming/TinyTeX/texmf-dist/tex/latex/kvoptions/kvoptions.sty
Package: kvoptions 2022-06-15 v3.15 Key value format for package options (HO)
 (c:/Users/info/AppData/Roaming/TinyTeX/texmf-dist/tex/generic/ltxcmds/ltxcmds.sty
Package: ltxcmds 2023-12-04 v1.26 LaTeX kernel commands for general use (HO)
) (c:/Users/info/AppData/Roaming/TinyTeX/texmf-dist/tex/latex/kvsetkeys/kvsetkeys.sty
Package: kvsetkeys 2022-10-05 v1.19 Key value parser (HO)
)) (c:/Users/info/AppData/Roaming/TinyTeX/texmf-dist/tex/generic/pdftexcmds/pdftexcmds.sty
Package: pdftexcmds 2020-06-27 v0.33 Utility functions of pdfTeX for LuaTeX (HO)
Package pdftexcmds Info: \pdf@primitive is available.
Package pdftexcmds Info: \pdf@ifprimitive is available.
Package pdftexcmds Info: \pdfdraftmode found.
)
Package epstopdf-base Info: Redefining graphics rule for `.eps' on input line 485.
Package grfext Info: Graphics extension search list:
(grfext)             [.pdf,.png,.jpg,.mps,.jpeg,.jbig2,.jb2,.PDF,.PNG,.JPG,.JPEG,.JBIG2,.JB2,.eps]
(grfext)             \AppendGraphicsExtensions on input line 504.
 (c:/Users/info/AppData/Roaming/TinyTeX/texmf-dist/tex/latex/latexconfig/epstopdf-sys.cfg
File: epstopdf-sys.cfg 2010/07/13 v1.3 Configuration of (r)epstopdf for TeX Live
)) (c:/Users/info/AppData/Roaming/TinyTeX/texmf-dist/tex/latex/pdflscape/pdflscape.sty
Package: pdflscape 2022-10-27 v0.13 Display of landscape pages in PDF
 (c:/Users/info/AppData/Roaming/TinyTeX/texmf-dist/tex/latex/pdflscape/pdflscape-nometadata.sty
Package: pdflscape-nometadata 2022-10-28 v0.13 Display of landscape pages in PDF (HO)
 (c:/Users/info/AppData/Roaming/TinyTeX/texmf-dist/tex/latex/graphics/lscape.sty
Package: lscape 2020/05/28 v3.02 Landscape Pages (DPC)
)
Package pdflscape Info: Auto-detected driver: pdftex on input line 81.
)) (./Knitr_informe-concordance.tex)
LaTeX Font Info:    External font `cmex10' loaded for size
(Font)              <12> on input line 29.
LaTeX Font Info:    External font `cmex10' loaded for size
(Font)              <8> on input line 29.
LaTeX Font Info:    External font `cmex10' loaded for size
(Font)              <6> on input line 29.
LaTeX Font Info:    External font `cmex10' loaded for size
(Font)              <7> on input line 48.
LaTeX Font Info:    External font `cmex10' loaded for size
(Font)              <5> on input line 48.
LaTeX Font Info:    Trying to load font information for T1+cmtt on input line 70.
 (c:/Users/info/AppData/Roaming/TinyTeX/texmf-dist/tex/latex/base/t1cmtt.fd
File: t1cmtt.fd 2023/04/13 v2.5m Standard LaTeX font definitions
)

[1

{c:/Users/info/AppData/Roaming/TinyTeX/texmf-var/fonts/map/pdftex/updmap/pdftex.map}]
<Rplots.pdf, id=15, 505.89pt x 505.89pt>
File: Rplots.pdf Graphic file (type pdf)
<use Rplots.pdf>
Package pdftex.def Info: Rplots.pdf  used on input line 99.
(pdftex.def)             Requested size: 386.95897pt x 386.96597pt.
File: Rplots.pdf Graphic file (type pdf)
<use Rplots.pdf>
Package pdftex.def Info: Rplots.pdf  used on input line 99.
(pdftex.def)             Requested size: 386.95897pt x 386.96597pt.
<Rplots.pdf, id=18, page=1, 505.89pt x 505.89pt>
File: Rplots.pdf Graphic file (type pdf)
<use Rplots.pdf, page 1>
Package pdftex.def Info: Rplots.pdf , page1 used on input line 99.
(pdftex.def)             Requested size: 505.88875pt x 505.88875pt.
File: Rplots.pdf Graphic file (type pdf)
<use Rplots.pdf, page 1>
Package pdftex.def Info: Rplots.pdf , page1 used on input line 99.
(pdftex.def)             Requested size: 598.55833pt x 598.55833pt.


[2]
File: Rplots.pdf Graphic file (type pdf)
<use Rplots.pdf, page 1>
Package pdftex.def Info: Rplots.pdf , page1 used on input line 99.
(pdftex.def)             Requested size: 598.55833pt x 598.55833pt.
File: Rplots.pdf Graphic file (type pdf)
<use Rplots.pdf, page 1>
Package pdftex.def Info: Rplots.pdf , page1 used on input line 99.
(pdftex.def)             Requested size: 598.55833pt x 598.55833pt.


File: Rplots.pdf Graphic file (type pdf)
<use Rplots.pdf, page 1>
Package pdftex.def Info: Rplots.pdf , page1 used on input line 99.
(pdftex.def)             Requested size: 598.55833pt x 598.55833pt.
[3

 <./Rplots.pdf>]
<Rplots.pdf, id=31, page=2, 505.89pt x 505.89pt>
File: Rplots.pdf Graphic file (type pdf)
<use Rplots.pdf, page 2>
Package pdftex.def Info: Rplots.pdf , page2 used on input line 99.
(pdftex.def)             Requested size: 598.55833pt x 598.55833pt.
File: Rplots.pdf Graphic file (type pdf)
<use Rplots.pdf, page 2>
Package pdftex.def Info: Rplots.pdf , page2 used on input line 99.
(pdftex.def)             Requested size: 598.55833pt x 598.55833pt.


File: Rplots.pdf Graphic file (type pdf)
<use Rplots.pdf, page 2>
Package pdftex.def Info: Rplots.pdf , page2 used on input line 99.
(pdftex.def)             Requested size: 598.55833pt x 598.55833pt.
[4

 <./Rplots.pdf>]
<Rplots.pdf, id=35, page=3, 505.89pt x 505.89pt>
File: Rplots.pdf Graphic file (type pdf)
<use Rplots.pdf, page 3>
Package pdftex.def Info: Rplots.pdf , page3 used on input line 99.
(pdftex.def)             Requested size: 598.55833pt x 598.55833pt.
File: Rplots.pdf Graphic file (type pdf)
<use Rplots.pdf, page 3>
Package pdftex.def Info: Rplots.pdf , page3 used on input line 99.
(pdftex.def)             Requested size: 598.55833pt x 598.55833pt.


File: Rplots.pdf Graphic file (type pdf)
<use Rplots.pdf, page 3>
Package pdftex.def Info: Rplots.pdf , page3 used on input line 99.
(pdftex.def)             Requested size: 598.55833pt x 598.55833pt.
[5

 <./Rplots.pdf>]
<Rplots.pdf, id=39, page=4, 505.89pt x 505.89pt>
File: Rplots.pdf Graphic file (type pdf)
<use Rplots.pdf, page 4>
Package pdftex.def Info: Rplots.pdf , page4 used on input line 99.
(pdftex.def)             Requested size: 598.55833pt x 598.55833pt.
File: Rplots.pdf Graphic file (type pdf)
<use Rplots.pdf, page 4>
Package pdftex.def Info: Rplots.pdf , page4 used on input line 99.
(pdftex.def)             Requested size: 598.55833pt x 598.55833pt.


File: Rplots.pdf Graphic file (type pdf)
<use Rplots.pdf, page 4>
Package pdftex.def Info: Rplots.pdf , page4 used on input line 99.
(pdftex.def)             Requested size: 598.55833pt x 598.55833pt.
[6

 <./Rplots.pdf>]
File: Rplots.pdf Graphic file (type pdf)
<use Rplots.pdf>
Package pdftex.def Info: Rplots.pdf  used on input line 112.
(pdftex.def)             Requested size: 386.95897pt x 386.96597pt.
File: Rplots.pdf Graphic file (type pdf)
<use Rplots.pdf>
Package pdftex.def Info: Rplots.pdf  used on input line 112.
(pdftex.def)             Requested size: 386.95897pt x 386.96597pt.
<Rplots.pdf, id=45, page=5, 505.89pt x 505.89pt>
File: Rplots.pdf Graphic file (type pdf)
<use Rplots.pdf, page 5>
Package pdftex.def Info: Rplots.pdf , page5 used on input line 112.
(pdftex.def)             Requested size: 505.88875pt x 505.88875pt.
File: Rplots.pdf Graphic file (type pdf)
<use Rplots.pdf, page 5>
Package pdftex.def Info: Rplots.pdf , page5 used on input line 112.
(pdftex.def)             Requested size: 598.55833pt x 598.55833pt.


[7]
File: Rplots.pdf Graphic file (type pdf)
<use Rplots.pdf, page 5>
Package pdftex.def Info: Rplots.pdf , page5 used on input line 112.
(pdftex.def)             Requested size: 598.55833pt x 598.55833pt.
File: Rplots.pdf Graphic file (type pdf)
<use Rplots.pdf, page 5>
Package pdftex.def Info: Rplots.pdf , page5 used on input line 112.
(pdftex.def)             Requested size: 598.55833pt x 598.55833pt.


File: Rplots.pdf Graphic file (type pdf)
<use Rplots.pdf, page 5>
Package pdftex.def Info: Rplots.pdf , page5 used on input line 112.
(pdftex.def)             Requested size: 598.55833pt x 598.55833pt.
[8

 <./Rplots.pdf>]
<Rplots.pdf, id=53, page=6, 505.89pt x 505.89pt>
File: Rplots.pdf Graphic file (type pdf)
<use Rplots.pdf, page 6>
Package pdftex.def Info: Rplots.pdf , page6 used on input line 112.
(pdftex.def)             Requested size: 598.55833pt x 598.55833pt.
File: Rplots.pdf Graphic file (type pdf)
<use Rplots.pdf, page 6>
Package pdftex.def Info: Rplots.pdf , page6 used on input line 112.
(pdftex.def)             Requested size: 598.55833pt x 598.55833pt.


File: Rplots.pdf Graphic file (type pdf)
<use Rplots.pdf, page 6>
Package pdftex.def Info: Rplots.pdf , page6 used on input line 112.
(pdftex.def)             Requested size: 598.55833pt x 598.55833pt.
[9

 <./Rplots.pdf>]
<Rplots.pdf, id=57, page=7, 505.89pt x 505.89pt>
File: Rplots.pdf Graphic file (type pdf)
<use Rplots.pdf, page 7>
Package pdftex.def Info: Rplots.pdf , page7 used on input line 112.
(pdftex.def)             Requested size: 598.55833pt x 598.55833pt.
File: Rplots.pdf Graphic file (type pdf)
<use Rplots.pdf, page 7>
Package pdftex.def Info: Rplots.pdf , page7 used on input line 112.
(pdftex.def)             Requested size: 598.55833pt x 598.55833pt.


File: Rplots.pdf Graphic file (type pdf)
<use Rplots.pdf, page 7>
Package pdftex.def Info: Rplots.pdf , page7 used on input line 112.
(pdftex.def)             Requested size: 598.55833pt x 598.55833pt.
[10

 <./Rplots.pdf>]
<Rplots.pdf, id=61, page=8, 505.89pt x 505.89pt>
File: Rplots.pdf Graphic file (type pdf)
<use Rplots.pdf, page 8>
Package pdftex.def Info: Rplots.pdf , page8 used on input line 112.
(pdftex.def)             Requested size: 598.55833pt x 598.55833pt.
File: Rplots.pdf Graphic file (type pdf)
<use Rplots.pdf, page 8>
Package pdftex.def Info: Rplots.pdf , page8 used on input line 112.
(pdftex.def)             Requested size: 598.55833pt x 598.55833pt.


File: Rplots.pdf Graphic file (type pdf)
<use Rplots.pdf, page 8>
Package pdftex.def Info: Rplots.pdf , page8 used on input line 112.
(pdftex.def)             Requested size: 598.55833pt x 598.55833pt.
[11

 <./Rplots.pdf>]
<Rplots.pdf, id=65, page=9, 505.89pt x 505.89pt>
File: Rplots.pdf Graphic file (type pdf)
<use Rplots.pdf, page 9>
Package pdftex.def Info: Rplots.pdf , page9 used on input line 112.
(pdftex.def)             Requested size: 598.55833pt x 598.55833pt.
File: Rplots.pdf Graphic file (type pdf)
<use Rplots.pdf, page 9>
Package pdftex.def Info: Rplots.pdf , page9 used on input line 112.
(pdftex.def)             Requested size: 598.55833pt x 598.55833pt.


File: Rplots.pdf Graphic file (type pdf)
<use Rplots.pdf, page 9>
Package pdftex.def Info: Rplots.pdf , page9 used on input line 112.
(pdftex.def)             Requested size: 598.55833pt x 598.55833pt.
[12

 <./Rplots.pdf>]
<Rplots.pdf, id=69, page=10, 505.89pt x 505.89pt>
File: Rplots.pdf Graphic file (type pdf)
<use Rplots.pdf, page 10>
Package pdftex.def Info: Rplots.pdf , page10 used on input line 112.
(pdftex.def)             Requested size: 598.55833pt x 598.55833pt.
File: Rplots.pdf Graphic file (type pdf)
<use Rplots.pdf, page 10>
Package pdftex.def Info: Rplots.pdf , page10 used on input line 112.
(pdftex.def)             Requested size: 598.55833pt x 598.55833pt.


File: Rplots.pdf Graphic file (type pdf)
<use Rplots.pdf, page 10>
Package pdftex.def Info: Rplots.pdf , page10 used on input line 112.
(pdftex.def)             Requested size: 598.55833pt x 598.55833pt.
[13

 <./Rplots.pdf>]
<Rplots.pdf, id=74, page=11, 505.89pt x 505.89pt>
File: Rplots.pdf Graphic file (type pdf)
<use Rplots.pdf, page 11>
Package pdftex.def Info: Rplots.pdf , page11 used on input line 112.
(pdftex.def)             Requested size: 598.55833pt x 598.55833pt.
File: Rplots.pdf Graphic file (type pdf)
<use Rplots.pdf, page 11>
Package pdftex.def Info: Rplots.pdf , page11 used on input line 112.
(pdftex.def)             Requested size: 598.55833pt x 598.55833pt.


File: Rplots.pdf Graphic file (type pdf)
<use Rplots.pdf, page 11>
Package pdftex.def Info: Rplots.pdf , page11 used on input line 112.
(pdftex.def)             Requested size: 598.55833pt x 598.55833pt.
[14

 <./Rplots.pdf>]
<Rplots.pdf, id=78, page=12, 505.89pt x 505.89pt>
File: Rplots.pdf Graphic file (type pdf)
<use Rplots.pdf, page 12>
Package pdftex.def Info: Rplots.pdf , page12 used on input line 112.
(pdftex.def)             Requested size: 598.55833pt x 598.55833pt.
File: Rplots.pdf Graphic file (type pdf)
<use Rplots.pdf, page 12>
Package pdftex.def Info: Rplots.pdf , page12 used on input line 112.
(pdftex.def)             Requested size: 598.55833pt x 598.55833pt.


File: Rplots.pdf Graphic file (type pdf)
<use Rplots.pdf, page 12>
Package pdftex.def Info: Rplots.pdf , page12 used on input line 112.
(pdftex.def)             Requested size: 598.55833pt x 598.55833pt.
[15

 <./Rplots.pdf>]
<Rplots.pdf, id=82, page=13, 505.89pt x 505.89pt>
File: Rplots.pdf Graphic file (type pdf)
<use Rplots.pdf, page 13>
Package pdftex.def Info: Rplots.pdf , page13 used on input line 112.
(pdftex.def)             Requested size: 598.55833pt x 598.55833pt.
File: Rplots.pdf Graphic file (type pdf)
<use Rplots.pdf, page 13>
Package pdftex.def Info: Rplots.pdf , page13 used on input line 112.
(pdftex.def)             Requested size: 598.55833pt x 598.55833pt.


File: Rplots.pdf Graphic file (type pdf)
<use Rplots.pdf, page 13>
Package pdftex.def Info: Rplots.pdf , page13 used on input line 112.
(pdftex.def)             Requested size: 598.55833pt x 598.55833pt.
[16

 <./Rplots.pdf>]
<Rplots.pdf, id=86, page=14, 505.89pt x 505.89pt>
File: Rplots.pdf Graphic file (type pdf)
<use Rplots.pdf, page 14>
Package pdftex.def Info: Rplots.pdf , page14 used on input line 112.
(pdftex.def)             Requested size: 598.55833pt x 598.55833pt.
File: Rplots.pdf Graphic file (type pdf)
<use Rplots.pdf, page 14>
Package pdftex.def Info: Rplots.pdf , page14 used on input line 112.
(pdftex.def)             Requested size: 598.55833pt x 598.55833pt.


File: Rplots.pdf Graphic file (type pdf)
<use Rplots.pdf, page 14>
Package pdftex.def Info: Rplots.pdf , page14 used on input line 112.
(pdftex.def)             Requested size: 598.55833pt x 598.55833pt.
[17

 <./Rplots.pdf>]
File: Rplots.pdf Graphic file (type pdf)
<use Rplots.pdf>
Package pdftex.def Info: Rplots.pdf  used on input line 120.
(pdftex.def)             Requested size: 386.95897pt x 386.96597pt.
File: Rplots.pdf Graphic file (type pdf)
<use Rplots.pdf>
Package pdftex.def Info: Rplots.pdf  used on input line 120.
(pdftex.def)             Requested size: 386.95897pt x 386.96597pt.
<Rplots.pdf, id=92, page=15, 505.89pt x 505.89pt>
File: Rplots.pdf Graphic file (type pdf)
<use Rplots.pdf, page 15>
Package pdftex.def Info: Rplots.pdf , page15 used on input line 120.
(pdftex.def)             Requested size: 505.88875pt x 505.88875pt.
File: Rplots.pdf Graphic file (type pdf)
<use Rplots.pdf, page 15>
Package pdftex.def Info: Rplots.pdf , page15 used on input line 120.
(pdftex.def)             Requested size: 598.55833pt x 598.55833pt.


[18]
File: Rplots.pdf Graphic file (type pdf)
<use Rplots.pdf, page 15>
Package pdftex.def Info: Rplots.pdf , page15 used on input line 120.
(pdftex.def)             Requested size: 598.55833pt x 598.55833pt.
File: Rplots.pdf Graphic file (type pdf)
<use Rplots.pdf, page 15>
Package pdftex.def Info: Rplots.pdf , page15 used on input line 120.
(pdftex.def)             Requested size: 598.55833pt x 598.55833pt.


File: Rplots.pdf Graphic file (type pdf)
<use Rplots.pdf, page 15>
Package pdftex.def Info: Rplots.pdf , page15 used on input line 120.
(pdftex.def)             Requested size: 598.55833pt x 598.55833pt.
[19

 <./Rplots.pdf>]
<Rplots.pdf, id=100, page=16, 505.89pt x 505.89pt>
File: Rplots.pdf Graphic file (type pdf)
<use Rplots.pdf, page 16>
Package pdftex.def Info: Rplots.pdf , page16 used on input line 120.
(pdftex.def)             Requested size: 598.55833pt x 598.55833pt.
File: Rplots.pdf Graphic file (type pdf)
<use Rplots.pdf, page 16>
Package pdftex.def Info: Rplots.pdf , page16 used on input line 120.
(pdftex.def)             Requested size: 598.55833pt x 598.55833pt.


File: Rplots.pdf Graphic file (type pdf)
<use Rplots.pdf, page 16>
Package pdftex.def Info: Rplots.pdf , page16 used on input line 120.
(pdftex.def)             Requested size: 598.55833pt x 598.55833pt.
[20

 <./Rplots.pdf>]
<Rplots.pdf, id=104, page=17, 505.89pt x 505.89pt>
File: Rplots.pdf Graphic file (type pdf)
<use Rplots.pdf, page 17>
Package pdftex.def Info: Rplots.pdf , page17 used on input line 120.
(pdftex.def)             Requested size: 598.55833pt x 598.55833pt.
File: Rplots.pdf Graphic file (type pdf)
<use Rplots.pdf, page 17>
Package pdftex.def Info: Rplots.pdf , page17 used on input line 120.
(pdftex.def)             Requested size: 598.55833pt x 598.55833pt.


File: Rplots.pdf Graphic file (type pdf)
<use Rplots.pdf, page 17>
Package pdftex.def Info: Rplots.pdf , page17 used on input line 120.
(pdftex.def)             Requested size: 598.55833pt x 598.55833pt.
[21

 <./Rplots.pdf>]
<Rplots.pdf, id=108, page=18, 505.89pt x 505.89pt>
File: Rplots.pdf Graphic file (type pdf)
<use Rplots.pdf, page 18>
Package pdftex.def Info: Rplots.pdf , page18 used on input line 120.
(pdftex.def)             Requested size: 598.55833pt x 598.55833pt.
File: Rplots.pdf Graphic file (type pdf)
<use Rplots.pdf, page 18>
Package pdftex.def Info: Rplots.pdf , page18 used on input line 120.
(pdftex.def)             Requested size: 598.55833pt x 598.55833pt.


File: Rplots.pdf Graphic file (type pdf)
<use Rplots.pdf, page 18>
Package pdftex.def Info: Rplots.pdf , page18 used on input line 120.
(pdftex.def)             Requested size: 598.55833pt x 598.55833pt.
[22

 <./Rplots.pdf>]

[23] (./Knitr_informe.aux)
 ***********
LaTeX2e <2024-06-01> patch level 2
L3 programming layer <2024-05-27>
 ***********
 ) 
Here is how much of TeX's memory you used:
 4566 strings out of 475543
 77936 string characters out of 5776061
 1936908 words of memory out of 5000000
 27131 multiletter control sequences out of 15000+600000
 567529 words of font info for 55 fonts, out of 8000000 for 9000
 14 hyphenation exceptions out of 8191
 68i,17n,79p,723b,429s stack positions out of 10000i,1000n,20000p,200000b,200000s
 <c:/Users/info/AppData/Roaming/TinyTeX/texmf-var/fonts/pk/ljfour/jknappen/ec/ectt1000.600pk> <c:/Users/info/AppData/Roaming/TinyTeX/texmf-var/fonts/pk/ljfour/jknappen/ec/ecrm1000.600pk> <c:/Users/info/AppData/Roaming/TinyTeX/texmf-var/fonts/pk/ljfour/jknappen/ec/tcrm1000.600pk> <c:/Users/info/AppData/Roaming/TinyTeX/texmf-var/fonts/pk/ljfour/jknappen/ec/ecti1000.600pk> <c:/Users/info/AppData/Roaming/TinyTeX/texmf-var/fonts/pk/ljfour/jknappen/ec/ecbx1200.600pk> <c:/Users/info/AppData/Roaming/TinyTeX/texmf-var/fonts/pk/ljfour/jknappen/ec/ecbx1000.600pk> <c:/Users/info/AppData/Roaming/TinyTeX/texmf-var/fonts/pk/ljfour/jknappen/ec/ecbx1440.600pk> <c:/Users/info/AppData/Roaming/TinyTeX/texmf-var/fonts/pk/ljfour/jknappen/ec/ecrm1200.600pk> <c:/Users/info/AppData/Roaming/TinyTeX/texmf-var/fonts/pk/ljfour/jknappen/ec/ecrm1728.600pk>
Output written on Knitr_informe.pdf (23 pages, 119874 bytes).
PDF statistics:
 408 PDF objects out of 1000 (max. 8388607)
 92 compressed objects within 1 object stream
 0 named destinations out of 1000 (max. 500000)
 130 words of extra memory for PDF output out of 10000 (max. 10000000)

